# JRE version: Java(TM) SE Runtime Environment (18.0.2+9) (build 18.0.2+9-61)
# Java VM: Java HotSpot(TM) 64-Bit Server VM (18.0.2+9-61, mixed mode, sharing, tiered, compressed oops, compressed class ptrs, g1 gc, windows-amd64)
GC Precious Log:
 CardTable entry size: 512
 Card Set container configuration: InlinePtr #cards 4 size 8 Array Of Cards #cards 16 size 48 Howl #buckets 8 coarsen threshold 3686 Howl Bitmap #cards 512 size 80 coarsen threshold 460 Card regions per heap region 1 cards per card region 4096
 CPUs: 16 total, 16 available
 Memory: 16125M
 Large Page Support: Disabled
 NUMA Support: Disabled
 Compressed Oops: Enabled (Zero based)
 Heap Region Size: 2M
 Heap Min Capacity: 8M
 Heap Initial Capacity: 252M
 Heap Max Capacity: 4032M
 Pre-touch: Disabled
 Parallel Workers: 13
 Concurrent Workers: 3
 Concurrent Refinement Workers: 13
 Periodic GC: Disabled
Heap:
 garbage-first heap   total 258048K, used 73693K [0x0000000704000000, 0x0000000800000000)
  region size 2048K, 20 young (40960K), 3 survivors (6144K)
 Metaspace       used 15608K, committed 15808K, reserved 1114112K
  class space    used 1075K, committed 1152K, reserved 1048576K
GC Heap History (10 events):
Event: 1.254 GC heap before
{Heap before GC invocations=0 (full 0):
 garbage-first heap   total 258048K, used 22528K [0x0000000704000000, 0x0000000800000000)
  region size 2048K, 11 young (22528K), 0 survivors (0K)
 Metaspace       used 11437K, committed 11584K, reserved 1114112K
  class space    used 809K, committed 896K, reserved 1048576K
}
Event: 1.262 GC heap after
{Heap after GC invocations=1 (full 0):
 garbage-first heap   total 258048K, used 2402K [0x0000000704000000, 0x0000000800000000)
  region size 2048K, 2 young (4096K), 2 survivors (4096K)
 Metaspace       used 11437K, committed 11584K, reserved 1114112K
  class space    used 809K, committed 896K, reserved 1048576K
}
Event: 2.681 GC heap before
{Heap before GC invocations=1 (full 0):
 garbage-first heap   total 258048K, used 51554K [0x0000000704000000, 0x0000000800000000)
  region size 2048K, 21 young (43008K), 2 survivors (4096K)
 Metaspace       used 14821K, committed 15040K, reserved 1114112K
  class space    used 1069K, committed 1152K, reserved 1048576K
}
Event: 2.687 GC heap after
{Heap after GC invocations=2 (full 0):
 garbage-first heap   total 258048K, used 23930K [0x0000000704000000, 0x0000000800000000)
  region size 2048K, 3 young (6144K), 3 survivors (6144K)
 Metaspace       used 14821K, committed 15040K, reserved 1114112K
  class space    used 1069K, committed 1152K, reserved 1048576K
}
Event: 4.948 GC heap before
{Heap before GC invocations=2 (full 0):
 garbage-first heap   total 258048K, used 60794K [0x0000000704000000, 0x0000000800000000)
  region size 2048K, 22 young (45056K), 3 survivors (6144K)
 Metaspace       used 15186K, committed 15360K, reserved 1114112K
  class space    used 1071K, committed 1152K, reserved 1048576K
}
Event: 4.952 GC heap after
{Heap after GC invocations=3 (full 0):
 garbage-first heap   total 258048K, used 36366K [0x0000000704000000, 0x0000000800000000)
  region size 2048K, 3 young (6144K), 3 survivors (6144K)
 Metaspace       used 15186K, committed 15360K, reserved 1114112K
  class space    used 1071K, committed 1152K, reserved 1048576K
}
Event: 10.408 GC heap before
{Heap before GC invocations=3 (full 0):
 garbage-first heap   total 258048K, used 130574K [0x0000000704000000, 0x0000000800000000)
  region size 2048K, 49 young (100352K), 3 survivors (6144K)
 Metaspace       used 15538K, committed 15744K, reserved 1114112K
  class space    used 1071K, committed 1152K, reserved 1048576K
}
Event: 10.411 GC heap after
{Heap after GC invocations=4 (full 0):
 garbage-first heap   total 258048K, used 40932K [0x0000000704000000, 0x0000000800000000)
  region size 2048K, 6 young (12288K), 6 survivors (12288K)
 Metaspace       used 15538K, committed 15744K, reserved 1114112K
  class space    used 1071K, committed 1152K, reserved 1048576K
}
Event: 16.052 GC heap before
{Heap before GC invocations=4 (full 0):
 garbage-first heap   total 258048K, used 174052K [0x0000000704000000, 0x0000000800000000)
  region size 2048K, 71 young (145408K), 6 survivors (12288K)
 Metaspace       used 15567K, committed 15744K, reserved 1114112K
  class space    used 1071K, committed 1152K, reserved 1048576K
}
Event: 16.054 GC heap after
{Heap after GC invocations=5 (full 0):
 garbage-first heap   total 258048K, used 40925K [0x0000000704000000, 0x0000000800000000)
  region size 2048K, 3 young (6144K), 3 survivors (6144K)
 Metaspace       used 15567K, committed 15744K, reserved 1114112K
  class space    used 1071K, committed 1152K, reserved 1048576K
}

